<?xml version="1.0" encoding="UTF-8"?>
<testsuite name="datastructure.set.MySetTest" tests="4" skipped="0" failures="0" errors="0" timestamp="2021-11-15T12:08:10" hostname="192-168-0-187.rdsnet.ro" time="0.056">
  <properties/>
  <testcase name="itShouldSeeIfItContainsAValueOrNotInTheSet()" classname="datastructure.set.MySetTest" time="0.042"/>
  <testcase name="itShouldDeleteElementFromTheSet()" classname="datastructure.set.MySetTest" time="0.002"/>
  <testcase name="itShouldAddAnElementToTheSet()" classname="datastructure.set.MySetTest" time="0.003"/>
  <testcase name="itShouldSeeIfTheSetIsEmptyOrNot()" classname="datastructure.set.MySetTest" time="0.004"/>
  <system-out><![CDATA[]]></system-out>
  <system-err><![CDATA[]]></system-err>
</testsuite>
